<?xml version="1.0" encoding="UTF-8"?>
<!-- Generated by org.testng.reporters.JUnitXMLReporter -->
<testsuite hostname="SenthilDhandapani" ignored="0" name="Test" tests="1" failures="1" timestamp="2020-08-23T21:03:52 AEST" time="22.715" errors="0">
  <testcase name="verifyLaunchApp" time="22.304" classname="com.gomachanic.test.TestHomePage">
    <failure type="java.lang.AssertionError" message="The periodic service link is not present on the screen expected [true] but found [false]">
      <![CDATA[java.lang.AssertionError: The periodic service link is not present on the screen expected [true] but found [false]
at com.gomachanic.test.TestHomePage.verifyLaunchApp(TestHomePage.java:18)
at java.util.ArrayList.forEach(Unknown Source)
... Removed 30 stack frames]]>
    </failure>
  </testcase> <!-- verifyLaunchApp -->
</testsuite> <!-- Test -->
